Sun Jan 25 20:34:17 GMT 2015 : /var/www/indiedisco/Indie_Disco_150116_Part_1_(1).mp3 : /var/www/indiedisco/Indie_Disco_150116_Part_1.mp3
Sun Jan 25 20:34:17 GMT 2015 : /var/www/indiedisco/Indie_Disco_141017_Part_2_(3).mp3 : /var/www/indiedisco/Indie_Disco_141017_Part_2_(2).mp3
Sun Jan 25 20:34:17 GMT 2015 : /var/www/indiedisco/Indie_Disco_141017_Part_2_(2).mp3 : /var/www/indiedisco/Indie_Disco_141017_Part_2_(1).mp3
Sun Jan 25 20:34:17 GMT 2015 : /var/www/indiedisco/Indie_Disco_141017_Part_2_(1).mp3 : /var/www/indiedisco/Indie_Disco_141017_Part_2.mp3
Sun Jan 25 20:34:17 GMT 2015 : /var/www/indiedisco/Indie_Disco_141017_Part_1_(1).mp3 : /var/www/indiedisco/Indie_Disco_141017_Part_1.mp3
Sun Jan 25 20:34:17 GMT 2015 : /var/www/indiedisco/Indie_Disco_140829_Part_1_(1).mp3 : /var/www/indiedisco/Indie_Disco_140829_Part_1.mp3
Sun Jan 25 20:34:17 GMT 2015 : /var/www/indiedisco/Indie_Disco_140801_Part_1_(1).mp3 : /var/www/indiedisco/Indie_Disco_140801_Part_1.mp3
Sun Jan 25 20:38:07 GMT 2015 : /var/www/indiedisco/Indie_Disco_150116_Part_1_(1).mp3 : /var/www/indiedisco/Indie_Disco_150116_Part_1.mp3
Sun Jan 25 20:38:07 GMT 2015 : /var/www/indiedisco/Indie_Disco_141017_Part_2_(3).mp3 : /var/www/indiedisco/Indie_Disco_141017_Part_2_(2).mp3
Sun Jan 25 20:38:07 GMT 2015 : /var/www/indiedisco/Indie_Disco_141017_Part_2_(2).mp3 : /var/www/indiedisco/Indie_Disco_141017_Part_2_(1).mp3
Sun Jan 25 20:38:07 GMT 2015 : /var/www/indiedisco/Indie_Disco_141017_Part_2_(1).mp3 : /var/www/indiedisco/Indie_Disco_141017_Part_2.mp3
Sun Jan 25 20:38:07 GMT 2015 : /var/www/indiedisco/Indie_Disco_141017_Part_1_(1).mp3 : /var/www/indiedisco/Indie_Disco_141017_Part_1.mp3
Sun Jan 25 20:38:07 GMT 2015 : /var/www/indiedisco/Indie_Disco_140829_Part_1_(1).mp3 : /var/www/indiedisco/Indie_Disco_140829_Part_1.mp3
Sun Jan 25 20:38:07 GMT 2015 : /var/www/indiedisco/Indie_Disco_140801_Part_1_(1).mp3 : /var/www/indiedisco/Indie_Disco_140801_Part_1.mp3
Sun Jan 25 21:02:51 GMT 2015 : /var/www/indiedisco/Indie_Disco_150116_Part_1_(1).mp3 : /var/www/indiedisco/Indie_Disco_150116_Part_1.mp3
Sun Jan 25 21:02:51 GMT 2015 : /var/www/indiedisco/Indie_Disco_141017_Part_2_(3).mp3 : /var/www/indiedisco/Indie_Disco_141017_Part_2_(2).mp3
Sun Jan 25 21:02:51 GMT 2015 : /var/www/indiedisco/Indie_Disco_141017_Part_2_(2).mp3 : /var/www/indiedisco/Indie_Disco_141017_Part_2_(1).mp3
Sun Jan 25 21:02:51 GMT 2015 : /var/www/indiedisco/Indie_Disco_141017_Part_2_(1).mp3 : /var/www/indiedisco/Indie_Disco_141017_Part_2.mp3
Sun Jan 25 21:02:51 GMT 2015 : /var/www/indiedisco/Indie_Disco_141017_Part_1_(1).mp3 : /var/www/indiedisco/Indie_Disco_141017_Part_1.mp3
Sun Jan 25 21:02:51 GMT 2015 : /var/www/indiedisco/Indie_Disco_140829_Part_1_(1).mp3 : /var/www/indiedisco/Indie_Disco_140829_Part_1.mp3
Sun Jan 25 21:02:51 GMT 2015 : /var/www/indiedisco/Indie_Disco_140801_Part_1_(1).mp3 : /var/www/indiedisco/Indie_Disco_140801_Part_1.mp3
Sun Jan 25 21:54:39 GMT 2015 : /var/www/indiedisco/Indie_Disco_150116_Part_1_(1).mp3 : /var/www/indiedisco/Indie_Disco_150116_Part_1.mp3
Sun Jan 25 21:54:39 GMT 2015 : /var/www/indiedisco/Indie_Disco_141017_Part_2_(3).mp3 : /var/www/indiedisco/Indie_Disco_141017_Part_2_(2).mp3
Sun Jan 25 21:54:39 GMT 2015 : /var/www/indiedisco/Indie_Disco_141017_Part_2_(2).mp3 : /var/www/indiedisco/Indie_Disco_141017_Part_2_(1).mp3
Sun Jan 25 21:54:39 GMT 2015 : /var/www/indiedisco/Indie_Disco_141017_Part_2_(1).mp3 : /var/www/indiedisco/Indie_Disco_141017_Part_2.mp3
Sun Jan 25 21:54:39 GMT 2015 : /var/www/indiedisco/Indie_Disco_141017_Part_1_(1).mp3 : /var/www/indiedisco/Indie_Disco_141017_Part_1.mp3
Sun Jan 25 21:54:39 GMT 2015 : /var/www/indiedisco/Indie_Disco_140829_Part_1_(1).mp3 : /var/www/indiedisco/Indie_Disco_140829_Part_1.mp3
Sun Jan 25 21:54:39 GMT 2015 : /var/www/indiedisco/Indie_Disco_140801_Part_1_(1).mp3 : /var/www/indiedisco/Indie_Disco_140801_Part_1.mp3
Sun Jan 25 21:56:29 GMT 2015 : /var/www/indiedisco/Indie_Disco_150116_Part_1_(1).mp3 : /var/www/indiedisco/Indie_Disco_150116_Part_1.mp3
Sun Jan 25 21:56:29 GMT 2015 : /var/www/indiedisco/Indie_Disco_141017_Part_2_(3).mp3 : /var/www/indiedisco/Indie_Disco_141017_Part_2_(2).mp3
Sun Jan 25 21:56:29 GMT 2015 : /var/www/indiedisco/Indie_Disco_141017_Part_2_(2).mp3 : /var/www/indiedisco/Indie_Disco_141017_Part_2_(1).mp3
Sun Jan 25 21:56:29 GMT 2015 : /var/www/indiedisco/Indie_Disco_141017_Part_2_(1).mp3 : /var/www/indiedisco/Indie_Disco_141017_Part_2.mp3
Sun Jan 25 21:56:29 GMT 2015 : /var/www/indiedisco/Indie_Disco_141017_Part_1_(1).mp3 : /var/www/indiedisco/Indie_Disco_141017_Part_1.mp3
Sun Jan 25 21:56:29 GMT 2015 : /var/www/indiedisco/Indie_Disco_140829_Part_1_(1).mp3 : /var/www/indiedisco/Indie_Disco_140829_Part_1.mp3
Sun Jan 25 21:56:29 GMT 2015 : /var/www/indiedisco/Indie_Disco_140801_Part_1_(1).mp3 : /var/www/indiedisco/Indie_Disco_140801_Part_1.mp3
Sun Jan 25 21:57:25 GMT 2015 : /var/www/indiedisco/Indie_Disco_150116_Part_1_(1).mp3 : /var/www/indiedisco/Indie_Disco_150116_Part_1.mp3
Sun Jan 25 21:57:25 GMT 2015 : /var/www/indiedisco/Indie_Disco_141017_Part_2_(3).mp3 : /var/www/indiedisco/Indie_Disco_141017_Part_2_(2).mp3
Sun Jan 25 21:57:25 GMT 2015 : /var/www/indiedisco/Indie_Disco_141017_Part_2_(2).mp3 : /var/www/indiedisco/Indie_Disco_141017_Part_2_(1).mp3
Sun Jan 25 21:57:25 GMT 2015 : /var/www/indiedisco/Indie_Disco_141017_Part_2_(1).mp3 : /var/www/indiedisco/Indie_Disco_141017_Part_2.mp3
Sun Jan 25 21:57:25 GMT 2015 : /var/www/indiedisco/Indie_Disco_141017_Part_1_(1).mp3 : /var/www/indiedisco/Indie_Disco_141017_Part_1.mp3
Sun Jan 25 21:57:25 GMT 2015 : /var/www/indiedisco/Indie_Disco_140829_Part_1_(1).mp3 : /var/www/indiedisco/Indie_Disco_140829_Part_1.mp3
Sun Jan 25 21:57:25 GMT 2015 : /var/www/indiedisco/Indie_Disco_140801_Part_1_(1).mp3 : /var/www/indiedisco/Indie_Disco_140801_Part_1.mp3
Sun Jan 25 21:58:57 GMT 2015 : /var/www/indiedisco/Indie_Disco_150116_Part_1_(1).mp3 : /var/www/indiedisco/Indie_Disco_150116_Part_1.mp3
Mon Jan 26 00:10:12 GMT 2015 : /var/www/indiedisco/Indie_Disco_141017_Part_2_(3).mp3 : /var/www/indiedisco/Indie_Disco_141017_Part_2_(2).mp3
Fri Jan 30 23:45:02 GMT 2015 : /var/www/indiedisco/Indie_Disco_150116_Part_1_(1).mp3 : /var/www/indiedisco/Indie_Disco_150116_Part_1.mp3
Fri Feb 06 23:45:02 GMT 2015 : /var/www/indiedisco/Indie_Disco_150116_Part_1_(1).mp3 : /var/www/indiedisco/Indie_Disco_150116_Part_1.mp3
Fri Feb 13 23:45:04 GMT 2015 : /var/www/indiedisco/Indie_Disco_150116_Part_1_(1).mp3 : /var/www/indiedisco/Indie_Disco_150116_Part_1.mp3
Fri Feb 20 23:45:03 GMT 2015 : /var/www/indiedisco/Indie_Disco_150116_Part_1_(1).mp3 : /var/www/indiedisco/Indie_Disco_150116_Part_1.mp3
